Using pre-set license
Built from '2020.2/staging' branch; Version is '2020.2.3f1 (8ff31bc5bf5b) revision 9433883'; Using compiler version '192528614'; Build Type 'Release'
OS: 'Windows 10 Pro; OS build 19041.928; Version 2004; 64bit' Language: 'en' Physical Memory: 16310 MB
BatchMode: 1, IsHumanControllingUs: 0, StartBugReporterOnCrash: 0, Is64bit: 1, IsPro: 0

 COMMAND LINE ARGUMENTS:
D:\Documents\Unity\2020.2.3f1\Editor\Unity.exe
-adb2
-batchMode
-noUpm
-name
AssetImportWorker0
-projectPath
D:/Documents/Git/BHGJ-3
-logFile
Logs/AssetImportWorker0.log
-srvPort
64310
Successfully changed project path to: D:/Documents/Git/BHGJ-3
D:/Documents/Git/BHGJ-3
Using Asset Import Pipeline V2.
Refreshing native plugins compatible for Editor in 34.53 ms, found 1 plugins.
Preloading 0 native plugins for Editor in 0.00 ms.
Initialize engine version: 2020.2.3f1 (8ff31bc5bf5b)
[Subsystems] Discovering subsystems at path D:/Documents/Unity/2020.2.3f1/Editor/Data/Resources/UnitySubsystems
[Subsystems] Discovering subsystems at path D:/Documents/Git/BHGJ-3/Assets
GfxDevice: creating device client; threaded=0
Direct3D:
    Version:  Direct3D 11.0 [level 11.1]
    Renderer: NVIDIA GeForce GTX 1080 (ID=0x1b80)
    Vendor:   
    VRAM:     8079 MB
    Driver:   27.21.14.6140
Initialize mono
Mono path[0] = 'D:/Documents/Unity/2020.2.3f1/Editor/Data/Managed'
Mono path[1] = 'D:/Documents/Unity/2020.2.3f1/Editor/Data/MonoBleedingEdge/lib/mono/unityjit'
Mono config path = 'D:/Documents/Unity/2020.2.3f1/Editor/Data/MonoBleedingEdge/etc'
Using monoOptions --debugger-agent=transport=dt_socket,embedding=1,server=y,suspend=n,address=127.0.0.1:56444
Begin MonoManager ReloadAssembly
Registering precompiled unity dll's ...
Register platform support module: D:/Documents/Unity/2020.2.3f1/Editor/Data/PlaybackEngines/WebGLSupport/UnityEditor.WebGL.Extensions.dll
Register platform support module: D:/Documents/Unity/2020.2.3f1/Editor/Data/PlaybackEngines/MacStandaloneSupport/UnityEditor.OSXStandalone.Extensions.dll
Register platform support module: D:/Documents/Unity/2020.2.3f1/Editor/Data/PlaybackEngines/WindowsStandaloneSupport/UnityEditor.WindowsStandalone.Extensions.dll
Register platform support module: D:/Documents/Unity/2020.2.3f1/Editor/Data/PlaybackEngines/LinuxStandaloneSupport/UnityEditor.LinuxStandalone.Extensions.dll
Registered in 0.001664 seconds.
Native extension for LinuxStandalone target not found
Native extension for WindowsStandalone target not found
Native extension for OSXStandalone target not found
Native extension for WebGL target not found
Refreshing native plugins compatible for Editor in 34.30 ms, found 1 plugins.
Preloading 0 native plugins for Editor in 0.00 ms.
Invoked RoslynAnalysisRunner static constructor.
RoslynAnalysisRunner will not be running.
RoslynAnalysisRunner has terminated.
Mono: successfully reloaded assembly
- Completed reload, in  1.688 seconds
Platform modules already initialized, skipping
Registering precompiled user dll's ...
Registered in 0.000628 seconds.
Begin MonoManager ReloadAssembly
Native extension for LinuxStandalone target not found
Native extension for WindowsStandalone target not found
Native extension for OSXStandalone target not found
Native extension for WebGL target not found
Refreshing native plugins compatible for Editor in 35.92 ms, found 1 plugins.
Preloading 0 native plugins for Editor in 0.00 ms.
Invoked RoslynAnalysisRunner static constructor.
RoslynAnalysisRunner will not be running.
RoslynAnalysisRunner has terminated.
Mono: successfully reloaded assembly
- Completed reload, in  0.842 seconds
Platform modules already initialized, skipping
========================================================================
Worker process is ready to serve import requests
Launched and connected shader compiler UnityShaderCompiler.exe after 0.07 seconds
Refreshing native plugins compatible for Editor in 0.33 ms, found 1 plugins.
Preloading 0 native plugins for Editor in 0.00 ms.
Unloading 1797 Unused Serialized files (Serialized files now loaded: 0)
System memory in use before: 84.4 MB.
System memory in use after: 84.3 MB.

Unloading 24 unused Assets to reduce memory usage. Loaded Objects now: 2239.
Total: 1.946600 ms (FindLiveObjects: 0.209200 ms CreateObjectMapping: 0.040000 ms MarkObjects: 1.577700 ms  DeleteObjects: 0.118300 ms)

========================================================================
Received Import Request.
  path: Assets/Prefabs/TestEnemyBullet.prefab
  artifactKey: Guid(37dbbef7274da1e4cb6028ccfba7770d) Importer(815301076,1909f56bfc062723c751e8b465ee728b)
Start importing Assets/Prefabs/TestEnemyBullet.prefab using Guid(37dbbef7274da1e4cb6028ccfba7770d) Importer(815301076,1909f56bfc062723c751e8b465ee728b)  -> (artifact id: '470c2deecb1b735219b1f2d74231d4fd') in 0.112469 seconds
  Import took 0.138547 seconds .

========================================================================
Received Prepare
Registering precompiled user dll's ...
Registered in 0.000721 seconds.
Begin MonoManager ReloadAssembly
Native extension for LinuxStandalone target not found
Native extension for WindowsStandalone target not found
Native extension for OSXStandalone target not found
Native extension for WebGL target not found
Refreshing native plugins compatible for Editor in 0.33 ms, found 1 plugins.
Preloading 0 native plugins for Editor in 0.00 ms.
Invoked RoslynAnalysisRunner static constructor.
RoslynAnalysisRunner will not be running.
RoslynAnalysisRunner has terminated.
Mono: successfully reloaded assembly
- Completed reload, in  0.777 seconds
Platform modules already initialized, skipping
Refreshing native plugins compatible for Editor in 0.33 ms, found 1 plugins.
Preloading 0 native plugins for Editor in 0.00 ms.
Unloading 1792 Unused Serialized files (Serialized files now loaded: 0)
System memory in use before: 87.5 MB.
System memory in use after: 87.4 MB.

Unloading 12 unused Assets to reduce memory usage. Loaded Objects now: 2249.
Total: 2.757500 ms (FindLiveObjects: 0.298200 ms CreateObjectMapping: 0.055300 ms MarkObjects: 2.248000 ms  DeleteObjects: 0.154800 ms)

========================================================================
Received Import Request.
  Time since last request: 77.777845 seconds.
  path: Assets/Scripts/EnemyController.cs
  artifactKey: Guid(ace64ad4bf09cbc4ba40a663d0e4bea8) Importer(815301076,1909f56bfc062723c751e8b465ee728b)
Start importing Assets/Scripts/EnemyController.cs using Guid(ace64ad4bf09cbc4ba40a663d0e4bea8) Importer(815301076,1909f56bfc062723c751e8b465ee728b)  -> (artifact id: '6d69d0453c527d82decd3b6d1dc4de74') in 0.016243 seconds
  Import took 0.031384 seconds .

========================================================================
Received Import Request.
  Time since last request: 0.004550 seconds.
  path: Assets/Scripts/EnemyController.cs
  artifactKey: Guid(ace64ad4bf09cbc4ba40a663d0e4bea8) Importer(815301076,1909f56bfc062723c751e8b465ee728b)
Start importing Assets/Scripts/EnemyController.cs using Guid(ace64ad4bf09cbc4ba40a663d0e4bea8) Importer(815301076,1909f56bfc062723c751e8b465ee728b)  -> (artifact id: '6d69d0453c527d82decd3b6d1dc4de74') in 0.001970 seconds
  Import took 0.009305 seconds .

========================================================================
Received Import Request.
  Time since last request: 34.717382 seconds.
  path: Assets/Prefabs/TestEnemy.prefab
  artifactKey: Guid(bb6449857e514b844958b6d06371c406) Importer(815301076,1909f56bfc062723c751e8b465ee728b)
Start importing Assets/Prefabs/TestEnemy.prefab using Guid(bb6449857e514b844958b6d06371c406) Importer(815301076,1909f56bfc062723c751e8b465ee728b)  -> (artifact id: 'bd653b49ae9c5a0082ee11222521cca0') in 0.053266 seconds
  Import took 0.056087 seconds .

========================================================================
Received Prepare
Registering precompiled user dll's ...
Registered in 0.000775 seconds.
Begin MonoManager ReloadAssembly
Native extension for LinuxStandalone target not found
Native extension for WindowsStandalone target not found
Native extension for OSXStandalone target not found
Native extension for WebGL target not found
Refreshing native plugins compatible for Editor in 0.33 ms, found 1 plugins.
Preloading 0 native plugins for Editor in 0.00 ms.
Invoked RoslynAnalysisRunner static constructor.
RoslynAnalysisRunner will not be running.
RoslynAnalysisRunner has terminated.
Mono: successfully reloaded assembly
- Completed reload, in  0.770 seconds
Platform modules already initialized, skipping
Refreshing native plugins compatible for Editor in 0.33 ms, found 1 plugins.
Preloading 0 native plugins for Editor in 0.00 ms.
Unloading 1792 Unused Serialized files (Serialized files now loaded: 0)
System memory in use before: 87.5 MB.
System memory in use after: 87.5 MB.

Unloading 12 unused Assets to reduce memory usage. Loaded Objects now: 2253.
Total: 2.008000 ms (FindLiveObjects: 0.212000 ms CreateObjectMapping: 0.039800 ms MarkObjects: 1.645500 ms  DeleteObjects: 0.109600 ms)

========================================================================
Received Import Request.
  Time since last request: 977.234569 seconds.
  path: Assets/Tiles/floor.png
  artifactKey: Guid(ae6719feaf148bc458a0444814d7ecee) Importer(815301076,1909f56bfc062723c751e8b465ee728b)
Start importing Assets/Tiles/floor.png using Guid(ae6719feaf148bc458a0444814d7ecee) Importer(815301076,1909f56bfc062723c751e8b465ee728b)  -> (artifact id: 'cf32b2016566bb48975fdf6144929564') in 0.112846 seconds
  Import took 0.116167 seconds .

========================================================================
Received Import Request.
  Time since last request: 20.607522 seconds.
  path: Assets/Tiles/COol paleTte DESU.prefab
  artifactKey: Guid(48b3529cfed3f074d82be29cbe9ac948) Importer(815301076,1909f56bfc062723c751e8b465ee728b)
Start importing Assets/Tiles/COol paleTte DESU.prefab using Guid(48b3529cfed3f074d82be29cbe9ac948) Importer(815301076,1909f56bfc062723c751e8b465ee728b)  -> (artifact id: '14eb8fc3b497678fb0318f750b820b08') in 0.012425 seconds
  Import took 0.015197 seconds .

========================================================================
Received Import Request.
  Time since last request: 8.112438 seconds.
  path: Assets/Tiles/COol paleTte DESU.prefab
  artifactKey: Guid(48b3529cfed3f074d82be29cbe9ac948) Importer(815301076,1909f56bfc062723c751e8b465ee728b)
Start importing Assets/Tiles/COol paleTte DESU.prefab using Guid(48b3529cfed3f074d82be29cbe9ac948) Importer(815301076,1909f56bfc062723c751e8b465ee728b)  -> (artifact id: 'd58da8fdae63198ca6cf1fd9d452c685') in 0.003910 seconds
  Import took 0.006756 seconds .

========================================================================
Received Import Request.
  Time since last request: 0.000234 seconds.
  path: Assets/Tiles/floor.asset
  artifactKey: Guid(d02127f1b1bb2224daac10a5d9f171b5) Importer(815301076,1909f56bfc062723c751e8b465ee728b)
Start importing Assets/Tiles/floor.asset using Guid(d02127f1b1bb2224daac10a5d9f171b5) Importer(815301076,1909f56bfc062723c751e8b465ee728b)  -> (artifact id: '33cf4de1eb26b96b26522ed0e7d25f23') in 0.019675 seconds
  Import took 0.022521 seconds .

========================================================================
Received Import Request.
  Time since last request: 45.864018 seconds.
  path: Assets/Tiles/floor.png
  artifactKey: Guid(ae6719feaf148bc458a0444814d7ecee) Importer(815301076,1909f56bfc062723c751e8b465ee728b)
Start importing Assets/Tiles/floor.png using Guid(ae6719feaf148bc458a0444814d7ecee) Importer(815301076,1909f56bfc062723c751e8b465ee728b)  -> (artifact id: 'd2ae80e7c09fee0a7469ba1af49d8465') in 0.006262 seconds
  Import took 0.009048 seconds .

========================================================================
Received Import Request.
  Time since last request: 27.083885 seconds.
  path: Assets/Tiles/floor.png
  artifactKey: Guid(ae6719feaf148bc458a0444814d7ecee) Importer(815301076,1909f56bfc062723c751e8b465ee728b)
Start importing Assets/Tiles/floor.png using Guid(ae6719feaf148bc458a0444814d7ecee) Importer(815301076,1909f56bfc062723c751e8b465ee728b)  -> (artifact id: 'b5984b5d917363adea4bd3ae2389540b') in 0.006009 seconds
  Import took 0.008837 seconds .

========================================================================
Received Import Request.
  Time since last request: 300.706930 seconds.
  path: Assets/Tiles/floor.png
  artifactKey: Guid(ae6719feaf148bc458a0444814d7ecee) Importer(815301076,1909f56bfc062723c751e8b465ee728b)
Start importing Assets/Tiles/floor.png using Guid(ae6719feaf148bc458a0444814d7ecee) Importer(815301076,1909f56bfc062723c751e8b465ee728b)  -> (artifact id: '406755ee96af7c6d11b45f3205762108') in 0.017270 seconds
  Import took 0.020099 seconds .

========================================================================
Received Import Request.
  Time since last request: 12.170564 seconds.
  path: Assets/Tiles/floor.png
  artifactKey: Guid(ae6719feaf148bc458a0444814d7ecee) Importer(815301076,1909f56bfc062723c751e8b465ee728b)
Start importing Assets/Tiles/floor.png using Guid(ae6719feaf148bc458a0444814d7ecee) Importer(815301076,1909f56bfc062723c751e8b465ee728b)  -> (artifact id: '6e4a0aa1567a458e651af30214dc7ad1') in 0.014825 seconds
  Import took 0.017673 seconds .

========================================================================
Received Prepare
Registering precompiled user dll's ...
Registered in 0.000719 seconds.
Begin MonoManager ReloadAssembly
Native extension for LinuxStandalone target not found
Native extension for WindowsStandalone target not found
Native extension for OSXStandalone target not found
Native extension for WebGL target not found
Refreshing native plugins compatible for Editor in 0.38 ms, found 1 plugins.
Preloading 0 native plugins for Editor in 0.00 ms.
Invoked RoslynAnalysisRunner static constructor.
RoslynAnalysisRunner will not be running.
RoslynAnalysisRunner has terminated.
Mono: successfully reloaded assembly
- Completed reload, in  0.767 seconds
Platform modules already initialized, skipping
Refreshing native plugins compatible for Editor in 0.33 ms, found 1 plugins.
Preloading 0 native plugins for Editor in 0.00 ms.
Unloading 1792 Unused Serialized files (Serialized files now loaded: 0)
System memory in use before: 87.6 MB.
System memory in use after: 87.6 MB.

Unloading 12 unused Assets to reduce memory usage. Loaded Objects now: 2262.
Total: 1.824200 ms (FindLiveObjects: 0.232500 ms CreateObjectMapping: 0.049000 ms MarkObjects: 1.442400 ms  DeleteObjects: 0.099500 ms)

========================================================================
Received Prepare
Registering precompiled user dll's ...
Registered in 0.000766 seconds.
Begin MonoManager ReloadAssembly
Native extension for LinuxStandalone target not found
Native extension for WindowsStandalone target not found
Native extension for OSXStandalone target not found
Native extension for WebGL target not found
Refreshing native plugins compatible for Editor in 0.48 ms, found 1 plugins.
Preloading 0 native plugins for Editor in 0.00 ms.
Invoked RoslynAnalysisRunner static constructor.
RoslynAnalysisRunner will not be running.
RoslynAnalysisRunner has terminated.
Mono: successfully reloaded assembly
- Completed reload, in  0.784 seconds
Platform modules already initialized, skipping
Refreshing native plugins compatible for Editor in 0.48 ms, found 1 plugins.
Preloading 0 native plugins for Editor in 0.00 ms.
Unloading 1792 Unused Serialized files (Serialized files now loaded: 0)
System memory in use before: 87.6 MB.
System memory in use after: 87.6 MB.

Unloading 12 unused Assets to reduce memory usage. Loaded Objects now: 2265.
Total: 1.756500 ms (FindLiveObjects: 0.188900 ms CreateObjectMapping: 0.038500 ms MarkObjects: 1.427500 ms  DeleteObjects: 0.100600 ms)

========================================================================
Received Import Request.
  Time since last request: 466.535806 seconds.
  path: Assets/Prefabs/TestEnemy.prefab
  artifactKey: Guid(bb6449857e514b844958b6d06371c406) Importer(815301076,1909f56bfc062723c751e8b465ee728b)
Start importing Assets/Prefabs/TestEnemy.prefab using Guid(bb6449857e514b844958b6d06371c406) Importer(815301076,1909f56bfc062723c751e8b465ee728b)  -> (artifact id: '39ab1b8bd23f329a7390f50d0f2f6e0a') in 0.060459 seconds
  Import took 0.063250 seconds .

========================================================================
Received Prepare
Registering precompiled user dll's ...
Registered in 0.000716 seconds.
Begin MonoManager ReloadAssembly
Native extension for LinuxStandalone target not found
Native extension for WindowsStandalone target not found
Native extension for OSXStandalone target not found
Native extension for WebGL target not found
Refreshing native plugins compatible for Editor in 0.39 ms, found 1 plugins.
Preloading 0 native plugins for Editor in 0.00 ms.
Invoked RoslynAnalysisRunner static constructor.
RoslynAnalysisRunner will not be running.
RoslynAnalysisRunner has terminated.
Mono: successfully reloaded assembly
- Completed reload, in  0.786 seconds
Platform modules already initialized, skipping
Refreshing native plugins compatible for Editor in 0.34 ms, found 1 plugins.
Preloading 0 native plugins for Editor in 0.00 ms.
Unloading 1792 Unused Serialized files (Serialized files now loaded: 0)
System memory in use before: 87.6 MB.
System memory in use after: 87.6 MB.

Unloading 12 unused Assets to reduce memory usage. Loaded Objects now: 2269.
Total: 1.844200 ms (FindLiveObjects: 0.203100 ms CreateObjectMapping: 0.039400 ms MarkObjects: 1.498500 ms  DeleteObjects: 0.101800 ms)

========================================================================
Received Import Request.
  Time since last request: 712.328867 seconds.
  path: Assets/Scripts/TurretController.cs
  artifactKey: Guid(f71dc1fd810fca349a6e5b9750345d58) Importer(815301076,1909f56bfc062723c751e8b465ee728b)
Start importing Assets/Scripts/TurretController.cs using Guid(f71dc1fd810fca349a6e5b9750345d58) Importer(815301076,1909f56bfc062723c751e8b465ee728b)  -> (artifact id: '0c2aae7f27cb01231ed950d1a81d31b1') in 0.009717 seconds
  Import took 0.012816 seconds .

========================================================================
Received Prepare
Registering precompiled user dll's ...
Registered in 0.001177 seconds.
Begin MonoManager ReloadAssembly
Native extension for LinuxStandalone target not found
Native extension for WindowsStandalone target not found
Native extension for OSXStandalone target not found
Native extension for WebGL target not found
Refreshing native plugins compatible for Editor in 0.34 ms, found 1 plugins.
Preloading 0 native plugins for Editor in 0.00 ms.
Invoked RoslynAnalysisRunner static constructor.
RoslynAnalysisRunner will not be running.
RoslynAnalysisRunner has terminated.
Mono: successfully reloaded assembly
- Completed reload, in  0.771 seconds
Platform modules already initialized, skipping
Refreshing native plugins compatible for Editor in 0.37 ms, found 1 plugins.
Preloading 0 native plugins for Editor in 0.00 ms.
Unloading 1793 Unused Serialized files (Serialized files now loaded: 0)
System memory in use before: 87.6 MB.
System memory in use after: 87.6 MB.

Unloading 12 unused Assets to reduce memory usage. Loaded Objects now: 2273.
Total: 1.882800 ms (FindLiveObjects: 0.199500 ms CreateObjectMapping: 0.039000 ms MarkObjects: 1.536600 ms  DeleteObjects: 0.106400 ms)

========================================================================
Received Import Request.
  Time since last request: 4220.341735 seconds.
  path: Assets/Tiles/metal floor.png
  artifactKey: Guid(e35f75c87a354d7439278bc6f40552d5) Importer(815301076,1909f56bfc062723c751e8b465ee728b)
Start importing Assets/Tiles/metal floor.png using Guid(e35f75c87a354d7439278bc6f40552d5) Importer(815301076,1909f56bfc062723c751e8b465ee728b)  -> (artifact id: 'f44028f4e44cbfbe6e0983222909a63b') in 0.058764 seconds
  Import took 0.061889 seconds .

========================================================================
Received Import Request.
  Time since last request: 0.000213 seconds.
  path: Assets/Tiles/shadow bottom-left tip..png
  artifactKey: Guid(58f970bafd4f04f4f9f0eff8419729fb) Importer(815301076,1909f56bfc062723c751e8b465ee728b)
Start importing Assets/Tiles/shadow bottom-left tip..png using Guid(58f970bafd4f04f4f9f0eff8419729fb) Importer(815301076,1909f56bfc062723c751e8b465ee728b)  -> (artifact id: '5de8dd644262ceb52f8668968cb966a7') in 0.010766 seconds
  Import took 0.013768 seconds .

========================================================================
Received Import Request.
  Time since last request: 0.000210 seconds.
  path: Assets/Tiles/shadow cast top.png
  artifactKey: Guid(9c1eba48468c40442a37d3212752a458) Importer(815301076,1909f56bfc062723c751e8b465ee728b)
Start importing Assets/Tiles/shadow cast top.png using Guid(9c1eba48468c40442a37d3212752a458) Importer(815301076,1909f56bfc062723c751e8b465ee728b)  -> (artifact id: '58d1316f9e285e6d6113046166605c59') in 0.009637 seconds
  Import took 0.012394 seconds .

========================================================================
Received Import Request.
  Time since last request: 0.000214 seconds.
  path: Assets/Tiles/shadow cast right.png
  artifactKey: Guid(1db1530b41d75454e89670e338c54f75) Importer(815301076,1909f56bfc062723c751e8b465ee728b)
Start importing Assets/Tiles/shadow cast right.png using Guid(1db1530b41d75454e89670e338c54f75) Importer(815301076,1909f56bfc062723c751e8b465ee728b)  -> (artifact id: 'b7b92f30a7bcb3e214925c6ab96dcad2') in 0.009400 seconds
  Import took 0.012197 seconds .

========================================================================
Received Import Request.
  Time since last request: 0.000202 seconds.
  path: Assets/Tiles/shadow top right corner..png
  artifactKey: Guid(5e3edec77c7225744acfc7c25570b25b) Importer(815301076,1909f56bfc062723c751e8b465ee728b)
Start importing Assets/Tiles/shadow top right corner..png using Guid(5e3edec77c7225744acfc7c25570b25b) Importer(815301076,1909f56bfc062723c751e8b465ee728b)  -> (artifact id: '479b8515320e1d5619d9f9704cede30b') in 0.009519 seconds
  Import took 0.012115 seconds .

========================================================================
Received Import Request.
  Time since last request: 0.000193 seconds.
  path: Assets/Tiles/striped wall.png
  artifactKey: Guid(bb6e8243bfde8b84581d89938d22af1f) Importer(815301076,1909f56bfc062723c751e8b465ee728b)
Start importing Assets/Tiles/striped wall.png using Guid(bb6e8243bfde8b84581d89938d22af1f) Importer(815301076,1909f56bfc062723c751e8b465ee728b)  -> (artifact id: 'da9dbce64e5526f9a49c65ba781e72aa') in 0.010608 seconds
  Import took 0.013185 seconds .

========================================================================
Received Import Request.
  Time since last request: 0.000223 seconds.
  path: Assets/Tiles/shadow bottom-right tip.png
  artifactKey: Guid(d677b311253a4cc459084bc48e1d6966) Importer(815301076,1909f56bfc062723c751e8b465ee728b)
Start importing Assets/Tiles/shadow bottom-right tip.png using Guid(d677b311253a4cc459084bc48e1d6966) Importer(815301076,1909f56bfc062723c751e8b465ee728b)  -> (artifact id: 'b5d214ddda780cd8f204dcef2ba6ebbb') in 0.010059 seconds
  Import took 0.012524 seconds .

========================================================================
Received Import Request.
  Time since last request: 0.000227 seconds.
  path: Assets/Tiles/shadow top-left tip.png
  artifactKey: Guid(954661abb4e277943a96d227adad98c9) Importer(815301076,1909f56bfc062723c751e8b465ee728b)
Start importing Assets/Tiles/shadow top-left tip.png using Guid(954661abb4e277943a96d227adad98c9) Importer(815301076,1909f56bfc062723c751e8b465ee728b)  -> (artifact id: '4c2b654bc95782bea4b131eebcdb43c6') in 0.009626 seconds
  Import took 0.012467 seconds .

========================================================================
Received Import Request.
  Time since last request: 6.232591 seconds.
  path: Assets/Tiles/COol paleTte DESU.prefab
  artifactKey: Guid(48b3529cfed3f074d82be29cbe9ac948) Importer(815301076,1909f56bfc062723c751e8b465ee728b)
Start importing Assets/Tiles/COol paleTte DESU.prefab using Guid(48b3529cfed3f074d82be29cbe9ac948) Importer(815301076,1909f56bfc062723c751e8b465ee728b)  -> (artifact id: 'be579c2f1ff208c102fb97a1b6e09f93') in 0.011233 seconds
  Import took 0.013945 seconds .

========================================================================
Received Import Request.
  Time since last request: 0.000229 seconds.
  path: Assets/Tiles/metal floor.asset
  artifactKey: Guid(d9baa625829a11a4ab7390d439b20692) Importer(815301076,1909f56bfc062723c751e8b465ee728b)
Start importing Assets/Tiles/metal floor.asset using Guid(d9baa625829a11a4ab7390d439b20692) Importer(815301076,1909f56bfc062723c751e8b465ee728b)  -> (artifact id: 'a3b20202b895e7526ef3f7e2b8fecb6a') in 0.017278 seconds
  Import took 0.019844 seconds .

========================================================================
Received Import Request.
  Time since last request: 4.570368 seconds.
  path: Assets/Tiles/COol paleTte DESU.prefab
  artifactKey: Guid(48b3529cfed3f074d82be29cbe9ac948) Importer(815301076,1909f56bfc062723c751e8b465ee728b)
Start importing Assets/Tiles/COol paleTte DESU.prefab using Guid(48b3529cfed3f074d82be29cbe9ac948) Importer(815301076,1909f56bfc062723c751e8b465ee728b)  -> (artifact id: '4467e9e65b1865adbe529e8716ca3d49') in 0.003273 seconds
  Import took 0.006389 seconds .

========================================================================
Received Import Request.
  Time since last request: 0.000204 seconds.
  path: Assets/Tiles/striped wall.asset
  artifactKey: Guid(d7efc71c65e4b45428f359301738762c) Importer(815301076,1909f56bfc062723c751e8b465ee728b)
Start importing Assets/Tiles/striped wall.asset using Guid(d7efc71c65e4b45428f359301738762c) Importer(815301076,1909f56bfc062723c751e8b465ee728b)  -> (artifact id: '2272c14f4e300e15dbcf89fbff8ce09e') in 0.006987 seconds
  Import took 0.009771 seconds .

========================================================================
Received Import Request.
  Time since last request: 20.189968 seconds.
  path: Assets/Tiles/striped wall.png
  artifactKey: Guid(bb6e8243bfde8b84581d89938d22af1f) Importer(815301076,1909f56bfc062723c751e8b465ee728b)
Start importing Assets/Tiles/striped wall.png using Guid(bb6e8243bfde8b84581d89938d22af1f) Importer(815301076,1909f56bfc062723c751e8b465ee728b)  -> (artifact id: '968c69b4b830e5a07be0e39963a79f7d') in 0.009279 seconds
  Import took 0.012190 seconds .

========================================================================
Received Import Request.
  Time since last request: 7.307804 seconds.
  path: Assets/Tiles/metal floor.png
  artifactKey: Guid(e35f75c87a354d7439278bc6f40552d5) Importer(815301076,1909f56bfc062723c751e8b465ee728b)
Start importing Assets/Tiles/metal floor.png using Guid(e35f75c87a354d7439278bc6f40552d5) Importer(815301076,1909f56bfc062723c751e8b465ee728b)  -> (artifact id: '00893ea68865d69d808711f7121f7775') in 0.011176 seconds
  Import took 0.013867 seconds .

========================================================================
Received Import Request.
  Time since last request: 6.546450 seconds.
  path: Assets/Tiles/shadow top-left tip.png
  artifactKey: Guid(954661abb4e277943a96d227adad98c9) Importer(815301076,1909f56bfc062723c751e8b465ee728b)
Start importing Assets/Tiles/shadow top-left tip.png using Guid(954661abb4e277943a96d227adad98c9) Importer(815301076,1909f56bfc062723c751e8b465ee728b)  -> (artifact id: '7e993b1cd261c63e9d6160d14cb52d35') in 0.006003 seconds
  Import took 0.008726 seconds .

========================================================================
Received Import Request.
  Time since last request: 4.393489 seconds.
  path: Assets/Tiles/shadow top right corner..png
  artifactKey: Guid(5e3edec77c7225744acfc7c25570b25b) Importer(815301076,1909f56bfc062723c751e8b465ee728b)
Start importing Assets/Tiles/shadow top right corner..png using Guid(5e3edec77c7225744acfc7c25570b25b) Importer(815301076,1909f56bfc062723c751e8b465ee728b)  -> (artifact id: '48fa33963fc507d60c6ec29e4aa0edd0') in 0.006147 seconds
  Import took 0.008925 seconds .

========================================================================
Received Import Request.
  Time since last request: 4.832937 seconds.
  path: Assets/Tiles/shadow cast top.png
  artifactKey: Guid(9c1eba48468c40442a37d3212752a458) Importer(815301076,1909f56bfc062723c751e8b465ee728b)
Start importing Assets/Tiles/shadow cast top.png using Guid(9c1eba48468c40442a37d3212752a458) Importer(815301076,1909f56bfc062723c751e8b465ee728b)  -> (artifact id: '3a903e2a3ddf7b1265de584dd958d11a') in 0.007213 seconds
  Import took 0.009864 seconds .

========================================================================
Received Import Request.
  Time since last request: 5.049458 seconds.
  path: Assets/Tiles/shadow cast right.png
  artifactKey: Guid(1db1530b41d75454e89670e338c54f75) Importer(815301076,1909f56bfc062723c751e8b465ee728b)
Start importing Assets/Tiles/shadow cast right.png using Guid(1db1530b41d75454e89670e338c54f75) Importer(815301076,1909f56bfc062723c751e8b465ee728b)  -> (artifact id: 'fa8d04572bbe26e60be15715dec3c4ce') in 0.006434 seconds
  Import took 0.009366 seconds .

========================================================================
Received Import Request.
  Time since last request: 3.965956 seconds.
  path: Assets/Tiles/shadow bottom-right tip.png
  artifactKey: Guid(d677b311253a4cc459084bc48e1d6966) Importer(815301076,1909f56bfc062723c751e8b465ee728b)
Start importing Assets/Tiles/shadow bottom-right tip.png using Guid(d677b311253a4cc459084bc48e1d6966) Importer(815301076,1909f56bfc062723c751e8b465ee728b)  -> (artifact id: '303eec584800113dda2b43061f275640') in 0.006979 seconds
  Import took 0.009931 seconds .

========================================================================
Received Import Request.
  Time since last request: 4.677983 seconds.
  path: Assets/Tiles/shadow bottom-left tip..png
  artifactKey: Guid(58f970bafd4f04f4f9f0eff8419729fb) Importer(815301076,1909f56bfc062723c751e8b465ee728b)
Start importing Assets/Tiles/shadow bottom-left tip..png using Guid(58f970bafd4f04f4f9f0eff8419729fb) Importer(815301076,1909f56bfc062723c751e8b465ee728b)  -> (artifact id: 'b695a253f1c2f5a92626f4b2b8579ba2') in 0.006202 seconds
  Import took 0.008858 seconds .

========================================================================
Received Import Request.
  Time since last request: 38.973040 seconds.
  path: Assets/Tiles/striped wall.png
  artifactKey: Guid(bb6e8243bfde8b84581d89938d22af1f) Importer(815301076,1909f56bfc062723c751e8b465ee728b)
Start importing Assets/Tiles/striped wall.png using Guid(bb6e8243bfde8b84581d89938d22af1f) Importer(815301076,1909f56bfc062723c751e8b465ee728b)  -> (artifact id: '5a09d8e6da68a14fd2a5834e35f5e6c8') in 0.006223 seconds
  Import took 0.008939 seconds .

========================================================================
Received Prepare
Registering precompiled user dll's ...
Registered in 0.000800 seconds.
Begin MonoManager ReloadAssembly
Native extension for LinuxStandalone target not found
Native extension for WindowsStandalone target not found
Native extension for OSXStandalone target not found
Native extension for WebGL target not found
Refreshing native plugins compatible for Editor in 0.36 ms, found 1 plugins.
Preloading 0 native plugins for Editor in 0.00 ms.
Invoked RoslynAnalysisRunner static constructor.
RoslynAnalysisRunner will not be running.
RoslynAnalysisRunner has terminated.
Mono: successfully reloaded assembly
- Completed reload, in  0.846 seconds
Platform modules already initialized, skipping
Refreshing native plugins compatible for Editor in 0.33 ms, found 1 plugins.
Preloading 0 native plugins for Editor in 0.00 ms.
Unloading 1793 Unused Serialized files (Serialized files now loaded: 0)
System memory in use before: 87.7 MB.
System memory in use after: 87.7 MB.

Unloading 12 unused Assets to reduce memory usage. Loaded Objects now: 2280.
Total: 2.404200 ms (FindLiveObjects: 0.307500 ms CreateObjectMapping: 0.046500 ms MarkObjects: 1.930600 ms  DeleteObjects: 0.118500 ms)

========================================================================
Received Import Request.
  Time since last request: 198.102165 seconds.
  path: Assets/Tiles/striped wall.png
  artifactKey: Guid(bb6e8243bfde8b84581d89938d22af1f) Importer(815301076,1909f56bfc062723c751e8b465ee728b)
Start importing Assets/Tiles/striped wall.png using Guid(bb6e8243bfde8b84581d89938d22af1f) Importer(815301076,1909f56bfc062723c751e8b465ee728b)  -> (artifact id: 'a32c4d06fea08ff0c917a2f2027ef76a') in 0.055884 seconds
  Import took 0.058889 seconds .

========================================================================
Received Prepare
Registering precompiled user dll's ...
Registered in 0.000749 seconds.
Begin MonoManager ReloadAssembly
Native extension for LinuxStandalone target not found
Native extension for WindowsStandalone target not found
Native extension for OSXStandalone target not found
Native extension for WebGL target not found
Refreshing native plugins compatible for Editor in 0.34 ms, found 1 plugins.
Preloading 0 native plugins for Editor in 0.00 ms.
Invoked RoslynAnalysisRunner static constructor.
RoslynAnalysisRunner will not be running.
RoslynAnalysisRunner has terminated.
Mono: successfully reloaded assembly
- Completed reload, in  0.772 seconds
Platform modules already initialized, skipping
Refreshing native plugins compatible for Editor in 0.34 ms, found 1 plugins.
Preloading 0 native plugins for Editor in 0.00 ms.
Unloading 1793 Unused Serialized files (Serialized files now loaded: 0)
System memory in use before: 87.7 MB.
System memory in use after: 87.7 MB.

Unloading 12 unused Assets to reduce memory usage. Loaded Objects now: 2284.
Total: 2.094300 ms (FindLiveObjects: 0.208400 ms CreateObjectMapping: 0.041400 ms MarkObjects: 1.729000 ms  DeleteObjects: 0.114200 ms)

========================================================================
Received Import Request.
  Time since last request: 20.499881 seconds.
  path: Assets/Tiles/striped wall.png
  artifactKey: Guid(bb6e8243bfde8b84581d89938d22af1f) Importer(815301076,1909f56bfc062723c751e8b465ee728b)
Start importing Assets/Tiles/striped wall.png using Guid(bb6e8243bfde8b84581d89938d22af1f) Importer(815301076,1909f56bfc062723c751e8b465ee728b)  -> (artifact id: 'd58a4f9b5cb0320aedac489ae28eba71') in 0.042905 seconds
  Import took 0.045574 seconds .

========================================================================
Received Prepare
Registering precompiled user dll's ...
Registered in 0.000716 seconds.
Begin MonoManager ReloadAssembly
Native extension for LinuxStandalone target not found
Native extension for WindowsStandalone target not found
Native extension for OSXStandalone target not found
Native extension for WebGL target not found
Refreshing native plugins compatible for Editor in 0.33 ms, found 1 plugins.
Preloading 0 native plugins for Editor in 0.00 ms.
Invoked RoslynAnalysisRunner static constructor.
RoslynAnalysisRunner will not be running.
RoslynAnalysisRunner has terminated.
Mono: successfully reloaded assembly
- Completed reload, in  0.767 seconds
Platform modules already initialized, skipping
Refreshing native plugins compatible for Editor in 0.38 ms, found 1 plugins.
Preloading 0 native plugins for Editor in 0.00 ms.
Unloading 1793 Unused Serialized files (Serialized files now loaded: 0)
System memory in use before: 87.7 MB.
System memory in use after: 87.7 MB.

Unloading 12 unused Assets to reduce memory usage. Loaded Objects now: 2288.
Total: 1.846500 ms (FindLiveObjects: 0.184100 ms CreateObjectMapping: 0.038800 ms MarkObjects: 1.515900 ms  DeleteObjects: 0.106700 ms)

========================================================================
Received Import Request.
  Time since last request: 13.860610 seconds.
  path: Assets/Tiles/striped wall.png
  artifactKey: Guid(bb6e8243bfde8b84581d89938d22af1f) Importer(815301076,1909f56bfc062723c751e8b465ee728b)
Start importing Assets/Tiles/striped wall.png using Guid(bb6e8243bfde8b84581d89938d22af1f) Importer(815301076,1909f56bfc062723c751e8b465ee728b)  -> (artifact id: 'c50f1cd08a2c80d27b20a49893c2d1f3') in 0.042327 seconds
  Import took 0.044995 seconds .

========================================================================
Received Import Request.
  Time since last request: 135.689831 seconds.
  path: Assets/Tiles/COol paleTte DESU.prefab
  artifactKey: Guid(48b3529cfed3f074d82be29cbe9ac948) Importer(815301076,1909f56bfc062723c751e8b465ee728b)
Start importing Assets/Tiles/COol paleTte DESU.prefab using Guid(48b3529cfed3f074d82be29cbe9ac948) Importer(815301076,1909f56bfc062723c751e8b465ee728b)  -> (artifact id: 'd51604409c4bd8f7dc8ccd63ac395a4b') in 0.007744 seconds
  Import took 0.010594 seconds .

========================================================================
Received Import Request.
  Time since last request: 21.169721 seconds.
  path: Assets/Tiles/COol paleTte DESU.prefab
  artifactKey: Guid(48b3529cfed3f074d82be29cbe9ac948) Importer(815301076,1909f56bfc062723c751e8b465ee728b)
Start importing Assets/Tiles/COol paleTte DESU.prefab using Guid(48b3529cfed3f074d82be29cbe9ac948) Importer(815301076,1909f56bfc062723c751e8b465ee728b)  -> (artifact id: '630b2b9bdde24863696a14670886ebee') in 0.003531 seconds
  Import took 0.006531 seconds .

========================================================================
Received Import Request.
  Time since last request: 0.000262 seconds.
  path: Assets/Tiles/metal floor.png
  artifactKey: Guid(e35f75c87a354d7439278bc6f40552d5) Importer(815301076,1909f56bfc062723c751e8b465ee728b)
Start importing Assets/Tiles/metal floor.png using Guid(e35f75c87a354d7439278bc6f40552d5) Importer(815301076,1909f56bfc062723c751e8b465ee728b)  -> (artifact id: '27f4972093c350254e65bcee05ac37ff') in 0.008141 seconds
  Import took 0.011023 seconds .

========================================================================
Received Import Request.
  Time since last request: 34.042661 seconds.
  path: Assets/Tiles/COol paleTte DESU.prefab
  artifactKey: Guid(48b3529cfed3f074d82be29cbe9ac948) Importer(815301076,1909f56bfc062723c751e8b465ee728b)
Start importing Assets/Tiles/COol paleTte DESU.prefab using Guid(48b3529cfed3f074d82be29cbe9ac948) Importer(815301076,1909f56bfc062723c751e8b465ee728b)  -> (artifact id: 'c25b80cf6888d203e5fad9314befaad7') in 0.003289 seconds
  Import took 0.005977 seconds .

========================================================================
Received Import Request.
  Time since last request: 180.101143 seconds.
  path: Assets/Prefabs/TestPlayerBullet.prefab
  artifactKey: Guid(178ad648593e9e0449dd2dc2ce130d79) Importer(815301076,1909f56bfc062723c751e8b465ee728b)
Start importing Assets/Prefabs/TestPlayerBullet.prefab using Guid(178ad648593e9e0449dd2dc2ce130d79) Importer(815301076,1909f56bfc062723c751e8b465ee728b)  -> (artifact id: '32d2fa118dce917aefde593113ceebd6') in 0.030023 seconds
  Import took 0.032771 seconds .

========================================================================
Received Import Request.
  Time since last request: 0.007569 seconds.
  path: Assets/Prefabs/TestPlayerBullet.prefab
  artifactKey: Guid(178ad648593e9e0449dd2dc2ce130d79) Importer(815301076,1909f56bfc062723c751e8b465ee728b)
Start importing Assets/Prefabs/TestPlayerBullet.prefab using Guid(178ad648593e9e0449dd2dc2ce130d79) Importer(815301076,1909f56bfc062723c751e8b465ee728b)  -> (artifact id: '32d2fa118dce917aefde593113ceebd6') in 0.006961 seconds
  Import took 0.009817 seconds .

========================================================================
Received Prepare
Registering precompiled user dll's ...
Registered in 0.000745 seconds.
Begin MonoManager ReloadAssembly
Native extension for LinuxStandalone target not found
Native extension for WindowsStandalone target not found
Native extension for OSXStandalone target not found
Native extension for WebGL target not found
Refreshing native plugins compatible for Editor in 0.33 ms, found 1 plugins.
Preloading 0 native plugins for Editor in 0.00 ms.
Invoked RoslynAnalysisRunner static constructor.
RoslynAnalysisRunner will not be running.
RoslynAnalysisRunner has terminated.
Mono: successfully reloaded assembly
- Completed reload, in  0.764 seconds
Platform modules already initialized, skipping
Refreshing native plugins compatible for Editor in 0.35 ms, found 1 plugins.
Preloading 0 native plugins for Editor in 0.00 ms.
Unloading 1793 Unused Serialized files (Serialized files now loaded: 0)
System memory in use before: 87.7 MB.
System memory in use after: 87.7 MB.

Unloading 12 unused Assets to reduce memory usage. Loaded Objects now: 2292.
Total: 1.938400 ms (FindLiveObjects: 0.183500 ms CreateObjectMapping: 0.038400 ms MarkObjects: 1.604400 ms  DeleteObjects: 0.110500 ms)

========================================================================
Received Prepare
Registering precompiled user dll's ...
Registered in 0.000762 seconds.
Begin MonoManager ReloadAssembly
Native extension for LinuxStandalone target not found
Native extension for WindowsStandalone target not found
Native extension for OSXStandalone target not found
Native extension for WebGL target not found
Refreshing native plugins compatible for Editor in 0.47 ms, found 1 plugins.
Preloading 0 native plugins for Editor in 0.00 ms.
Invoked RoslynAnalysisRunner static constructor.
RoslynAnalysisRunner will not be running.
RoslynAnalysisRunner has terminated.
Mono: successfully reloaded assembly
- Completed reload, in  0.757 seconds
Platform modules already initialized, skipping
Refreshing native plugins compatible for Editor in 0.34 ms, found 1 plugins.
Preloading 0 native plugins for Editor in 0.00 ms.
Unloading 1793 Unused Serialized files (Serialized files now loaded: 0)
System memory in use before: 87.7 MB.
System memory in use after: 87.7 MB.

Unloading 12 unused Assets to reduce memory usage. Loaded Objects now: 2295.
Total: 2.372000 ms (FindLiveObjects: 0.303200 ms CreateObjectMapping: 0.056500 ms MarkObjects: 1.893000 ms  DeleteObjects: 0.117300 ms)

========================================================================
Received Prepare
Registering precompiled user dll's ...
Registered in 0.000731 seconds.
Begin MonoManager ReloadAssembly
Native extension for LinuxStandalone target not found
Native extension for WindowsStandalone target not found
Native extension for OSXStandalone target not found
Native extension for WebGL target not found
Refreshing native plugins compatible for Editor in 0.34 ms, found 1 plugins.
Preloading 0 native plugins for Editor in 0.00 ms.
Invoked RoslynAnalysisRunner static constructor.
RoslynAnalysisRunner will not be running.
RoslynAnalysisRunner has terminated.
Mono: successfully reloaded assembly
- Completed reload, in  0.762 seconds
Platform modules already initialized, skipping
Refreshing native plugins compatible for Editor in 0.33 ms, found 1 plugins.
Preloading 0 native plugins for Editor in 0.00 ms.
Unloading 1793 Unused Serialized files (Serialized files now loaded: 0)
System memory in use before: 87.7 MB.
System memory in use after: 87.7 MB.

Unloading 12 unused Assets to reduce memory usage. Loaded Objects now: 2298.
Total: 2.035300 ms (FindLiveObjects: 0.205800 ms CreateObjectMapping: 0.038900 ms MarkObjects: 1.681800 ms  DeleteObjects: 0.107900 ms)

========================================================================
Received Prepare
Registering precompiled user dll's ...
Registered in 0.000855 seconds.
Begin MonoManager ReloadAssembly
Native extension for LinuxStandalone target not found
Native extension for WindowsStandalone target not found
Native extension for OSXStandalone target not found
Native extension for WebGL target not found
Refreshing native plugins compatible for Editor in 0.38 ms, found 1 plugins.
Preloading 0 native plugins for Editor in 0.00 ms.
Invoked RoslynAnalysisRunner static constructor.
RoslynAnalysisRunner will not be running.
RoslynAnalysisRunner has terminated.
Mono: successfully reloaded assembly
- Completed reload, in  0.750 seconds
Platform modules already initialized, skipping
Refreshing native plugins compatible for Editor in 0.35 ms, found 1 plugins.
Preloading 0 native plugins for Editor in 0.00 ms.
Unloading 1793 Unused Serialized files (Serialized files now loaded: 0)
System memory in use before: 87.7 MB.
System memory in use after: 87.7 MB.

Unloading 12 unused Assets to reduce memory usage. Loaded Objects now: 2301.
Total: 2.017700 ms (FindLiveObjects: 0.193100 ms CreateObjectMapping: 0.039600 ms MarkObjects: 1.677200 ms  DeleteObjects: 0.106700 ms)

========================================================================
Received Import Request.
  Time since last request: 2142.413182 seconds.
  path: Assets/Prefabs/TestPlayerBullet.prefab
  artifactKey: Guid(178ad648593e9e0449dd2dc2ce130d79) Importer(815301076,1909f56bfc062723c751e8b465ee728b)
Start importing Assets/Prefabs/TestPlayerBullet.prefab using Guid(178ad648593e9e0449dd2dc2ce130d79) Importer(815301076,1909f56bfc062723c751e8b465ee728b)  -> (artifact id: '570e6f9240cb45c48743314dd2bd2dca') in 0.058289 seconds
  Import took 0.061105 seconds .

========================================================================
Received Prepare
Registering precompiled user dll's ...
Registered in 0.000776 seconds.
Begin MonoManager ReloadAssembly
Native extension for LinuxStandalone target not found
Native extension for WindowsStandalone target not found
Native extension for OSXStandalone target not found
Native extension for WebGL target not found
Refreshing native plugins compatible for Editor in 0.33 ms, found 1 plugins.
Preloading 0 native plugins for Editor in 0.00 ms.
Invoked RoslynAnalysisRunner static constructor.
RoslynAnalysisRunner will not be running.
RoslynAnalysisRunner has terminated.
Mono: successfully reloaded assembly
- Completed reload, in  0.767 seconds
Platform modules already initialized, skipping
Refreshing native plugins compatible for Editor in 0.33 ms, found 1 plugins.
Preloading 0 native plugins for Editor in 0.00 ms.
Unloading 1793 Unused Serialized files (Serialized files now loaded: 0)
System memory in use before: 87.7 MB.
System memory in use after: 87.7 MB.

Unloading 12 unused Assets to reduce memory usage. Loaded Objects now: 2305.
Total: 2.436500 ms (FindLiveObjects: 0.220000 ms CreateObjectMapping: 0.042200 ms MarkObjects: 2.040700 ms  DeleteObjects: 0.132300 ms)

========================================================================
Received Prepare
Registering precompiled user dll's ...
Registered in 0.000808 seconds.
Begin MonoManager ReloadAssembly
Native extension for LinuxStandalone target not found
Native extension for WindowsStandalone target not found
Native extension for OSXStandalone target not found
Native extension for WebGL target not found
Refreshing native plugins compatible for Editor in 0.48 ms, found 1 plugins.
Preloading 0 native plugins for Editor in 0.00 ms.
Invoked RoslynAnalysisRunner static constructor.
RoslynAnalysisRunner will not be running.
RoslynAnalysisRunner has terminated.
Mono: successfully reloaded assembly
- Completed reload, in  0.783 seconds
Platform modules already initialized, skipping
Refreshing native plugins compatible for Editor in 0.40 ms, found 1 plugins.
Preloading 0 native plugins for Editor in 0.00 ms.
Unloading 1793 Unused Serialized files (Serialized files now loaded: 0)
System memory in use before: 87.7 MB.
System memory in use after: 87.7 MB.

Unloading 12 unused Assets to reduce memory usage. Loaded Objects now: 2308.
Total: 1.902100 ms (FindLiveObjects: 0.190300 ms CreateObjectMapping: 0.039100 ms MarkObjects: 1.563500 ms  DeleteObjects: 0.108100 ms)

========================================================================
Received Import Request.
  Time since last request: 168.143188 seconds.
  path: Assets/Prefabs/TestEnemy.prefab
  artifactKey: Guid(bb6449857e514b844958b6d06371c406) Importer(815301076,1909f56bfc062723c751e8b465ee728b)
Start importing Assets/Prefabs/TestEnemy.prefab using Guid(bb6449857e514b844958b6d06371c406) Importer(815301076,1909f56bfc062723c751e8b465ee728b)  -> (artifact id: '1d62455c487869462a715034703efa90') in 0.048918 seconds
  Import took 0.051773 seconds .

========================================================================
Received Import Request.
  Time since last request: 6.592948 seconds.
  path: Assets/Prefabs/TestEnemy.prefab
  artifactKey: Guid(bb6449857e514b844958b6d06371c406) Importer(815301076,1909f56bfc062723c751e8b465ee728b)
Start importing Assets/Prefabs/TestEnemy.prefab using Guid(bb6449857e514b844958b6d06371c406) Importer(815301076,1909f56bfc062723c751e8b465ee728b)  -> (artifact id: 'cdc3aa15b44ef65dbd4d428420cf6872') in 0.016079 seconds
  Import took 0.018937 seconds .

========================================================================
Received Import Request.
  Time since last request: 8.820324 seconds.
  path: Assets/Prefabs/TestEnemy.prefab
  artifactKey: Guid(bb6449857e514b844958b6d06371c406) Importer(815301076,1909f56bfc062723c751e8b465ee728b)
Start importing Assets/Prefabs/TestEnemy.prefab using Guid(bb6449857e514b844958b6d06371c406) Importer(815301076,1909f56bfc062723c751e8b465ee728b)  -> (artifact id: '41526b00edc4f0a7d6c394b47c716265') in 0.009651 seconds
  Import took 0.012360 seconds .

========================================================================
Received Import Request.
  Time since last request: 0.000601 seconds.
  path: Assets/Prefabs/TestEnemy.prefab
  artifactKey: Guid(bb6449857e514b844958b6d06371c406) Importer(815301076,1909f56bfc062723c751e8b465ee728b)
Start importing Assets/Prefabs/TestEnemy.prefab using Guid(bb6449857e514b844958b6d06371c406) Importer(815301076,1909f56bfc062723c751e8b465ee728b)  -> (artifact id: '41526b00edc4f0a7d6c394b47c716265') in 0.012865 seconds
  Import took 0.015646 seconds .

========================================================================
Received Prepare
Registering precompiled user dll's ...
Registered in 0.001180 seconds.
Begin MonoManager ReloadAssembly
Native extension for LinuxStandalone target not found
Native extension for WindowsStandalone target not found
Native extension for OSXStandalone target not found
Native extension for WebGL target not found
Refreshing native plugins compatible for Editor in 0.35 ms, found 1 plugins.
Preloading 0 native plugins for Editor in 0.00 ms.
Invoked RoslynAnalysisRunner static constructor.
RoslynAnalysisRunner will not be running.
RoslynAnalysisRunner has terminated.
Mono: successfully reloaded assembly
- Completed reload, in  0.772 seconds
Platform modules already initialized, skipping
Refreshing native plugins compatible for Editor in 0.33 ms, found 1 plugins.
Preloading 0 native plugins for Editor in 0.00 ms.
Unloading 1793 Unused Serialized files (Serialized files now loaded: 0)
System memory in use before: 87.8 MB.
System memory in use after: 87.8 MB.

Unloading 12 unused Assets to reduce memory usage. Loaded Objects now: 2312.
Total: 2.246700 ms (FindLiveObjects: 0.231200 ms CreateObjectMapping: 0.039000 ms MarkObjects: 1.858400 ms  DeleteObjects: 0.116700 ms)

========================================================================
Received Prepare
Registering precompiled user dll's ...
Registered in 0.000794 seconds.
Begin MonoManager ReloadAssembly
Native extension for LinuxStandalone target not found
Native extension for WindowsStandalone target not found
Native extension for OSXStandalone target not found
Native extension for WebGL target not found
Refreshing native plugins compatible for Editor in 0.33 ms, found 1 plugins.
Preloading 0 native plugins for Editor in 0.00 ms.
Invoked RoslynAnalysisRunner static constructor.
RoslynAnalysisRunner will not be running.
RoslynAnalysisRunner has terminated.
Mono: successfully reloaded assembly
- Completed reload, in  0.745 seconds
Platform modules already initialized, skipping
Refreshing native plugins compatible for Editor in 0.35 ms, found 1 plugins.
Preloading 0 native plugins for Editor in 0.00 ms.
Unloading 1793 Unused Serialized files (Serialized files now loaded: 0)
System memory in use before: 87.8 MB.
System memory in use after: 87.8 MB.

Unloading 12 unused Assets to reduce memory usage. Loaded Objects now: 2315.
Total: 1.854000 ms (FindLiveObjects: 0.217200 ms CreateObjectMapping: 0.038900 ms MarkObjects: 1.490000 ms  DeleteObjects: 0.106900 ms)

AssetImportWorkerClient::OnTransportError - code=2 error=End of file
